This is XeTeX, Version 3.141592653-2.6-0.999995 (TeX Live 2023/Debian) (preloaded format=xelatex 2025.6.16)  20 JUN 2025 15:35
entering extended mode
 \write18 enabled.
 %&-line parsing enabled.
**main.tex
(./main.tex
LaTeX2e <2023-11-01> patch level 1
L3 programming layer <2024-01-22>
(/usr/share/texlive/texmf-dist/tex/latex/base/report.cls
Document Class: report 2023/05/17 v1.4n Standard LaTeX document class
(/usr/share/texlive/texmf-dist/tex/latex/base/size12.clo
File: size12.clo 2023/05/17 v1.4n Standard LaTeX file (size option)
)
\c@part=\count183
\c@chapter=\count184
\c@section=\count185
\c@subsection=\count186
\c@subsubsection=\count187
\c@paragraph=\count188
\c@subparagraph=\count189
\c@figure=\count190
\c@table=\count191
\abovecaptionskip=\skip48
\belowcaptionskip=\skip49
\bibindent=\dimen140
) (./config.sty
Package: config 

(/usr/share/texlive/texmf-dist/tex/latex/geometry/geometry.sty
Package: geometry 2020/01/02 v5.9 Page Geometry

(/usr/share/texlive/texmf-dist/tex/latex/graphics/keyval.sty
Package: keyval 2022/05/29 v1.15 key=value parser (DPC)
\KV@toks@=\toks17
)
(/usr/share/texlive/texmf-dist/tex/generic/iftex/ifvtex.sty
Package: ifvtex 2019/10/25 v1.7 ifvtex legacy package. Use iftex instead.

(/usr/share/texlive/texmf-dist/tex/generic/iftex/iftex.sty
Package: iftex 2022/02/03 v1.0f TeX engine tests
))
\Gm@cnth=\count192
\Gm@cntv=\count193
\c@Gm@tempcnt=\count194
\Gm@bindingoffset=\dimen141
\Gm@wd@mp=\dimen142
\Gm@odd@mp=\dimen143
\Gm@even@mp=\dimen144
\Gm@layoutwidth=\dimen145
\Gm@layoutheight=\dimen146
\Gm@layouthoffset=\dimen147
\Gm@layoutvoffset=\dimen148
\Gm@dimlist=\toks18
)
(/usr/share/texlive/texmf-dist/tex/latex/setspace/setspace.sty
Package: setspace 2022/12/04 v6.7b set line spacing
)
(/usr/share/texlive/texmf-dist/tex/latex/tools/indentfirst.sty
Package: indentfirst 2023/07/02 v1.03 Indent first paragraph (DPC)
)
(/usr/share/texlive/texmf-dist/tex/latex/fontspec/fontspec.sty
(/usr/share/texlive/texmf-dist/tex/latex/l3packages/xparse/xparse.sty
(/usr/share/texlive/texmf-dist/tex/latex/l3kernel/expl3.sty
Package: expl3 2024-01-22 L3 programming layer (loader) 

(/usr/share/texlive/texmf-dist/tex/latex/l3backend/l3backend-xetex.def
File: l3backend-xetex.def 2024-01-04 L3 backend support: XeTeX
\g__graphics_track_int=\count195
\l__pdf_internal_box=\box51
\g__pdf_backend_object_int=\count196
\g__pdf_backend_annotation_int=\count197
\g__pdf_backend_link_int=\count198
))
Package: xparse 2023-10-10 L3 Experimental document command parser
)
Package: fontspec 2022/01/15 v2.8a Font selection for XeLaTeX and LuaLaTeX

(/usr/share/texlive/texmf-dist/tex/latex/fontspec/fontspec-xetex.sty
Package: fontspec-xetex 2022/01/15 v2.8a Font selection for XeLaTeX and LuaLaTe
X
\l__fontspec_script_int=\count199
\l__fontspec_language_int=\count266
\l__fontspec_strnum_int=\count267
\l__fontspec_tmp_int=\count268
\l__fontspec_tmpa_int=\count269
\l__fontspec_tmpb_int=\count270
\l__fontspec_tmpc_int=\count271
\l__fontspec_em_int=\count272
\l__fontspec_emdef_int=\count273
\l__fontspec_strong_int=\count274
\l__fontspec_strongdef_int=\count275
\l__fontspec_tmpa_dim=\dimen149
\l__fontspec_tmpb_dim=\dimen150
\l__fontspec_tmpc_dim=\dimen151

(/usr/share/texlive/texmf-dist/tex/latex/base/fontenc.sty
Package: fontenc 2021/04/29 v2.0v Standard LaTeX package
)
(/usr/share/texlive/texmf-dist/tex/latex/fontspec/fontspec.cfg)))

Package fontspec Info: Font family 'TimesNewRoman(0)' created for font 'Times
(fontspec)             New Roman' with options [Ligatures=TeX,Ligatures=TeX].
(fontspec)              
(fontspec)              This font family consists of the following NFSS
(fontspec)             series/shapes:
(fontspec)              
(fontspec)             - 'normal' (m/n) with NFSS spec.: <->"Times New
(fontspec)             Roman/OT:script=latn;language=dflt;mapping=tex-text;"
(fontspec)             - 'small caps'  (m/sc) with NFSS spec.: <->"Times New
(fontspec)             Roman/OT:script=latn;language=dflt;+smcp;mapping=tex-tex
t;"
(fontspec)             - 'bold' (b/n) with NFSS spec.: <->"Times New
(fontspec)             Roman/B/OT:script=latn;language=dflt;mapping=tex-text;"
(fontspec)             - 'bold small caps'  (b/sc) with NFSS spec.: <->"Times
(fontspec)             New
(fontspec)             Roman/B/OT:script=latn;language=dflt;+smcp;mapping=tex-t
ext;"
(fontspec)             - 'italic' (m/it) with NFSS spec.: <->"Times New
(fontspec)             Roman/I/OT:script=latn;language=dflt;mapping=tex-text;"
(fontspec)             - 'italic small caps'  (m/scit) with NFSS spec.:
(fontspec)             <->"Times New
(fontspec)             Roman/I/OT:script=latn;language=dflt;+smcp;mapping=tex-t
ext;"
(fontspec)             - 'bold italic' (b/it) with NFSS spec.: <->"Times New
(fontspec)             Roman/BI/OT:script=latn;language=dflt;mapping=tex-text;"

(fontspec)             - 'bold italic small caps'  (b/scit) with NFSS spec.: 


Package fontspec Info: Liberation Mono scale = 0.8465783691024312.


Package fontspec Info: Liberation Mono scale = 0.8465783691024312.


Package fontspec Info: Liberation Mono/B scale = 0.8465783691024312.


Package fontspec Info: Liberation Mono/I scale = 0.8465783691024312.


Package fontspec Info: Liberation Mono/BI scale = 0.8465783691024312.


Package fontspec Info: Font family 'LiberationMono(0)' created for font
(fontspec)             'Liberation Mono' with options
(fontspec)             [WordSpace={1,0,0},HyphenChar=None,PunctuationSpace=Word
Space,Scale=MatchLowercase].
(fontspec)              
(fontspec)              This font family consists of the following NFSS
(fontspec)             series/shapes:
(fontspec)              
(fontspec)             - 'normal' (m/n) with NFSS spec.:
(fontspec)             <->s*[0.8465783691024312]"Liberation
(fontspec)             Mono/OT:script=latn;language=dflt;"
(fontspec)             - 'small caps'  (m/sc) with NFSS spec.: 
(fontspec)             and font adjustment code:
(fontspec)             \fontdimen 2\font =1\fontdimen 2\font \fontdimen 3\font
(fontspec)             =0\fontdimen 3\font \fontdimen 4\font =0\fontdimen
(fontspec)             4\font \fontdimen 7\font =0\fontdimen 2\font
(fontspec)             \tex_hyphenchar:D \font =-1\scan_stop: 
(fontspec)             - 'bold' (b/n) with NFSS spec.:
(fontspec)             <->s*[0.8465783691024312]"Liberation
(fontspec)             Mono/B/OT:script=latn;language=dflt;"
(fontspec)             - 'bold small caps'  (b/sc) with NFSS spec.: 
(fontspec)             and font adjustment code:
(fontspec)             \fontdimen 2\font =1\fontdimen 2\font \fontdimen 3\font
(fontspec)             =0\fontdimen 3\font \fontdimen 4\font =0\fontdimen
(fontspec)             4\font \fontdimen 7\font =0\fontdimen 2\font
(fontspec)             \tex_hyphenchar:D \font =-1\scan_stop: 
(fontspec)             - 'italic' (m/it) with NFSS spec.:
(fontspec)             <->s*[0.8465783691024312]"Liberation
(fontspec)             Mono/I/OT:script=latn;language=dflt;"
(fontspec)             - 'italic small caps'  (m/scit) with NFSS spec.: 
(fontspec)             and font adjustment code:
(fontspec)             \fontdimen 2\font =1\fontdimen 2\font \fontdimen 3\font
(fontspec)             =0\fontdimen 3\font \fontdimen 4\font =0\fontdimen
(fontspec)             4\font \fontdimen 7\font =0\fontdimen 2\font
(fontspec)             \tex_hyphenchar:D \font =-1\scan_stop: 
(fontspec)             - 'bold italic' (b/it) with NFSS spec.:
(fontspec)             <->s*[0.8465783691024312]"Liberation
(fontspec)             Mono/BI/OT:script=latn;language=dflt;"
(fontspec)             - 'bold italic small caps'  (b/scit) with NFSS spec.: 
(fontspec)             and font adjustment code:
(fontspec)             \fontdimen 2\font =1\fontdimen 2\font \fontdimen 3\font
(fontspec)             =0\fontdimen 3\font \fontdimen 4\font =0\fontdimen
(fontspec)             4\font \fontdimen 7\font =0\fontdimen 2\font
(fontspec)             \tex_hyphenchar:D \font =-1\scan_stop: 


(/usr/share/texlive/texmf-dist/tex/latex/polyglossia/polyglossia.sty
Package: polyglossia 2023/12/11 v1.66 Modern multilingual typesetting with XeLa
TeX and LuaLaTeX

(/usr/share/texlive/texmf-dist/tex/latex/etoolbox/etoolbox.sty
Package: etoolbox 2020/10/05 v2.5k e-TeX tools for LaTeX (JAW)
\etb@tempcnta=\count276
)
(/usr/share/texlive/texmf-dist/tex/latex/xkeyval/xkeyval.sty
Package: xkeyval 2022/06/16 v2.9 package option processing (HA)

(/usr/share/texlive/texmf-dist/tex/generic/xkeyval/xkeyval.tex
(/usr/share/texlive/texmf-dist/tex/generic/xkeyval/xkvutils.tex
\XKV@toks=\toks19
\XKV@tempa@toks=\toks20
)
\XKV@depth=\count277
File: xkeyval.tex 2014/12/03 v2.7a key=value parser (HA)
))
\xpg@normalclass=\XeTeXcharclass1

(/usr/share/texlive/texmf-dist/tex/latex/polyglossia/gloss-latex.lde
Package: gloss-latex 2023/12/11 v1.66 polyglossia: module for default language
)
Package polyglossia Info: Default language is latex.
)
(/usr/share/texlive/texmf-dist/tex/latex/polyglossia/gloss-russian.ldf
File: gloss-russian.ldf polyglossia: module for Russian

(/usr/share/texlive/texmf-dist/tex/latex/polyglossia/xpg-cyrillicnumbers.sty
Package: xpg-cyrillicnumbers 2019/11/15 v0.2 Formatting of Cyrillic alphabetic 
numbers
)

Package polyglossia Warning: No hyphenation patterns were loaded for `russian'
(polyglossia)                I will use \language=\l@nohyphenation instead on i
nput line 22.

\l@russian = a dialect from \language\l@nohyphenation 
Package polyglossia Info: Option: Russian, numerals=arabic.
(/usr/share/texlive/texmf-dist/tex/latex/polyglossia/babelsh.def
File: babelsh.def 2022/06/21 Babel common definitions for shorthands
 Taken verbatim from babel files (2022/06/06 v3.76)
)
Package babel Info: Making " an active character on input line 106.
)
Package polyglossia Info: Default language is russian.

(/usr/share/texlive/texmf-dist/tex/latex/polyglossia/gloss-romanian.ldf
File: gloss-romanian.ldf polyglossia: module for Romanian
)

Package fontspec Info: Font family 'TimesNewRoman(1)' created for font 'Times
(fontspec)             New Roman' with options [Ligatures=TeX].
(fontspec)              
(fontspec)              This font family consists of the following NFSS
(fontspec)             series/shapes:
(fontspec)              
(fontspec)             - 'normal' (m/n) with NFSS spec.: <->"Times New
(fontspec)             Roman/OT:script=latn;language=dflt;mapping=tex-text;"
(fontspec)             - 'small caps'  (m/sc) with NFSS spec.: <->"Times New
(fontspec)             Roman/OT:script=latn;language=dflt;+smcp;mapping=tex-tex
t;"
(fontspec)             - 'bold' (b/n) with NFSS spec.: <->"Times New
(fontspec)             Roman/B/OT:script=latn;language=dflt;mapping=tex-text;"
(fontspec)             - 'bold small caps'  (b/sc) with NFSS spec.: <->"Times
(fontspec)             New
(fontspec)             Roman/B/OT:script=latn;language=dflt;+smcp;mapping=tex-t
ext;"
(fontspec)             - 'italic' (m/it) with NFSS spec.: <->"Times New
(fontspec)             Roman/I/OT:script=latn;language=dflt;mapping=tex-text;"
(fontspec)             - 'italic small caps'  (m/scit) with NFSS spec.:
(fontspec)             <->"Times New
(fontspec)             Roman/I/OT:script=latn;language=dflt;+smcp;mapping=tex-t
ext;"
(fontspec)             - 'bold italic' (b/it) with NFSS spec.: <->"Times New
(fontspec)             Roman/BI/OT:script=latn;language=dflt;mapping=tex-text;"

(fontspec)             - 'bold italic small caps'  (b/scit) with NFSS spec.: 


Package fontspec Info: Liberation Mono scale = 0.8465783691024312.


Package fontspec Info: Liberation Mono scale = 0.8465783691024312.


Package fontspec Info: Liberation Mono/B scale = 0.8465783691024312.


Package fontspec Info: Liberation Mono/I scale = 0.8465783691024312.


Package fontspec Info: Liberation Mono/BI scale = 0.8465783691024312.


Package fontspec Info: Font family 'LiberationMono(1)' created for font
(fontspec)             'Liberation Mono' with options [Scale=MatchLowercase].
(fontspec)              
(fontspec)              This font family consists of the following NFSS
(fontspec)             series/shapes:
(fontspec)              
(fontspec)             - 'normal' (m/n) with NFSS spec.:
(fontspec)             <->s*[0.8465783691024312]"Liberation
(fontspec)             Mono/OT:script=latn;language=dflt;"
(fontspec)             - 'small caps'  (m/sc) with NFSS spec.: 
(fontspec)             - 'bold' (b/n) with NFSS spec.:
(fontspec)             <->s*[0.8465783691024312]"Liberation
(fontspec)             Mono/B/OT:script=latn;language=dflt;"
(fontspec)             - 'bold small caps'  (b/sc) with NFSS spec.: 
(fontspec)             - 'italic' (m/it) with NFSS spec.:
(fontspec)             <->s*[0.8465783691024312]"Liberation
(fontspec)             Mono/I/OT:script=latn;language=dflt;"
(fontspec)             - 'italic small caps'  (m/scit) with NFSS spec.: 
(fontspec)             - 'bold italic' (b/it) with NFSS spec.:
(fontspec)             <->s*[0.8465783691024312]"Liberation
(fontspec)             Mono/BI/OT:script=latn;language=dflt;"
(fontspec)             - 'bold italic small caps'  (b/scit) with NFSS spec.: 


(/usr/share/texlive/texmf-dist/tex/latex/csquotes/csquotes.sty
Package: csquotes 2022-09-14 v5.2n context-sensitive quotations (JAW)
\csq@reset=\count278
\csq@gtype=\count279
\csq@glevel=\count280
\csq@qlevel=\count281
\csq@maxlvl=\count282
\csq@tshold=\count283
\csq@ltx@everypar=\toks21

(/usr/share/texlive/texmf-dist/tex/latex/csquotes/csquotes.def
File: csquotes.def 2022-09-14 v5.2n csquotes generic definitions (JAW)
)
Package csquotes Info: Trying to load configuration file 'csquotes.cfg'...
Package csquotes Info: ... configuration file loaded successfully.

(/usr/share/texlive/texmf-dist/tex/latex/csquotes/csquotes.cfg
File: csquotes.cfg 
))
(/usr/share/texlive/texmf-dist/tex/latex/totcount/totcount.sty
Package: totcount 2011/01/25 v1.2 package for gettingthe total value of LaTeX c
ounters
)
\c@num_bib_entries=\count284
\c@num_bib_entries@totc=\count285
\c@num_appendices=\count286
\c@num_appendices@totc=\count287
\c@num_chapters=\count288
\c@num_chapters@totc=\count289

(/usr/share/texlive/texmf-dist/tex/latex/biblatex/biblatex.sty
Package: biblatex 2023/03/05 v3.19 programmable bibliographies (PK/MW)

(/usr/share/texlive/texmf-dist/tex/generic/pdftexcmds/pdftexcmds.sty
Package: pdftexcmds 2020-06-27 v0.33 Utility functions of pdfTeX for LuaTeX (HO
)

(/usr/share/texlive/texmf-dist/tex/generic/infwarerr/infwarerr.sty
Package: infwarerr 2019/12/03 v1.5 Providing info/warning/error messages (HO)
)
(/usr/share/texlive/texmf-dist/tex/generic/ltxcmds/ltxcmds.sty
Package: ltxcmds 2023-12-04 v1.26 LaTeX kernel commands for general use (HO)
)
Package pdftexcmds Info: \pdf@primitive is available.
Package pdftexcmds Info: \pdf@ifprimitive is available.
Package pdftexcmds Info: \pdfdraftmode not found.
)
(/usr/share/texlive/texmf-dist/tex/latex/kvoptions/kvoptions.sty
Package: kvoptions 2022-06-15 v3.15 Key value format for package options (HO)

(/usr/share/texlive/texmf-dist/tex/latex/kvsetkeys/kvsetkeys.sty
Package: kvsetkeys 2022-10-05 v1.19 Key value parser (HO)
))
(/usr/share/texlive/texmf-dist/tex/latex/logreq/logreq.sty
Package: logreq 2010/08/04 v1.0 xml request logger
\lrq@indent=\count290

(/usr/share/texlive/texmf-dist/tex/latex/logreq/logreq.def
File: logreq.def 2010/08/04 v1.0 logreq spec v1.0
))
(/usr/share/texlive/texmf-dist/tex/latex/base/ifthen.sty
Package: ifthen 2022/04/13 v1.1d Standard LaTeX ifthen package (DPC)
)
(/usr/share/texlive/texmf-dist/tex/latex/url/url.sty
\Urlmuskip=\muskip16
Package: url 2013/09/16  ver 3.4  Verb mode for urls, etc.
)
\c@tabx@nest=\count291
\c@listtotal=\count292
\c@listcount=\count293
\c@liststart=\count294
\c@liststop=\count295
\c@citecount=\count296
\c@citetotal=\count297
\c@multicitecount=\count298
\c@multicitetotal=\count299
\c@instcount=\count300
\c@maxnames=\count301
\c@minnames=\count302
\c@maxitems=\count303
\c@minitems=\count304
\c@citecounter=\count305
\c@maxcitecounter=\count306
\c@savedcitecounter=\count307
\c@uniquelist=\count308
\c@uniquename=\count309
\c@refsection=\count310
\c@refsegment=\count311
\c@maxextratitle=\count312
\c@maxextratitleyear=\count313
\c@maxextraname=\count314
\c@maxextradate=\count315
\c@maxextraalpha=\count316
\c@abbrvpenalty=\count317
\c@highnamepenalty=\count318
\c@lownamepenalty=\count319
\c@maxparens=\count320
\c@parenlevel=\count321
\blx@tempcnta=\count322
\blx@tempcntb=\count323
\blx@tempcntc=\count324
\c@blx@maxsection=\count325
\blx@maxsegment@0=\count326
\blx@notetype=\count327
\blx@parenlevel@text=\count328
\blx@parenlevel@foot=\count329
\blx@sectionciteorder@0=\count330
\blx@sectionciteorderinternal@0=\count331
\blx@entrysetcounter=\count332
\blx@biblioinstance=\count333
\labelnumberwidth=\skip50
\labelalphawidth=\skip51
\biblabelsep=\skip52
\bibitemsep=\skip53
\bibnamesep=\skip54
\bibinitsep=\skip55
\bibparsep=\skip56
\bibhang=\skip57
\blx@bcfin=\read2
\blx@bcfout=\write3
\blx@langwohyphens=\language33
\c@mincomprange=\count334
\c@maxcomprange=\count335
\c@mincompwidth=\count336
Package biblatex Info: Trying to load biblatex default data model...
Package biblatex Info: ... file 'blx-dm.def' found.

(/usr/share/texlive/texmf-dist/tex/latex/biblatex/blx-dm.def
File: blx-dm.def 2023/03/05 v3.19 biblatex localization (PK/MW)
)
Package biblatex Info: Trying to load biblatex style data model...
Package biblatex Info: ... file 'ieee.dbx' not found.
Package biblatex Info: Trying to load biblatex custom data model...
Package biblatex Info: ... file 'biblatex-dm.cfg' not found.
\c@afterword=\count337
\c@savedafterword=\count338
\c@annotator=\count339
\c@savedannotator=\count340
\c@author=\count341
\c@savedauthor=\count342
\c@bookauthor=\count343
\c@savedbookauthor=\count344
\c@commentator=\count345
\c@savedcommentator=\count346
\c@editor=\count347
\c@savededitor=\count348
\c@editora=\count349
\c@savededitora=\count350
\c@editorb=\count351
\c@savededitorb=\count352
\c@editorc=\count353
\c@savededitorc=\count354
\c@foreword=\count355
\c@savedforeword=\count356
\c@holder=\count357
\c@savedholder=\count358
\c@introduction=\count359
\c@savedintroduction=\count360
\c@namea=\count361
\c@savednamea=\count362
\c@nameb=\count363
\c@savednameb=\count364
\c@namec=\count365
\c@savednamec=\count366
\c@translator=\count367
\c@savedtranslator=\count368
\c@shortauthor=\count369
\c@savedshortauthor=\count370
\c@shorteditor=\count371
\c@savedshorteditor=\count372
\c@labelname=\count373
\c@savedlabelname=\count374
\c@institution=\count375
\c@savedinstitution=\count376
\c@lista=\count377
\c@savedlista=\count378
\c@listb=\count379
\c@savedlistb=\count380
\c@listc=\count381
\c@savedlistc=\count382
\c@listd=\count383
\c@savedlistd=\count384
\c@liste=\count385
\c@savedliste=\count386
\c@listf=\count387
\c@savedlistf=\count388
\c@location=\count389
\c@savedlocation=\count390
\c@organization=\count391
\c@savedorganization=\count392
\c@origlocation=\count393
\c@savedoriglocation=\count394
\c@origpublisher=\count395
\c@savedorigpublisher=\count396
\c@publisher=\count397
\c@savedpublisher=\count398
\c@language=\count399
\c@savedlanguage=\count400
\c@origlanguage=\count401
\c@savedoriglanguage=\count402
\c@pageref=\count403
\c@savedpageref=\count404
\shorthandwidth=\skip58
\shortjournalwidth=\skip59
\shortserieswidth=\skip60
\shorttitlewidth=\skip61
\shortauthorwidth=\skip62
\shorteditorwidth=\skip63
\locallabelnumberwidth=\skip64
\locallabelalphawidth=\skip65
\localshorthandwidth=\skip66
\localshortjournalwidth=\skip67
\localshortserieswidth=\skip68
\localshorttitlewidth=\skip69
\localshortauthorwidth=\skip70
\localshorteditorwidth=\skip71
Package biblatex Info: Trying to load enhanced support for Unicode engines...
Package biblatex Info: ... file 'blx-unicode.def' found.

(/usr/share/texlive/texmf-dist/tex/latex/biblatex/blx-unicode.def)
Package biblatex Info: Trying to load compatibility code...
Package biblatex Info: ... file 'blx-compat.def' found.

(/usr/share/texlive/texmf-dist/tex/latex/biblatex/blx-compat.def
File: blx-compat.def 2023/03/05 v3.19 biblatex compatibility (PK/MW)
)
Package biblatex Info: Trying to load generic definitions...
Package biblatex Info: ... file 'biblatex.def' found.

(/usr/share/texlive/texmf-dist/tex/latex/biblatex/biblatex.def
File: biblatex.def 2023/03/05 v3.19 biblatex compatibility (PK/MW)
\c@textcitecount=\count405
\c@textcitetotal=\count406
\c@textcitemaxnames=\count407
\c@biburlbigbreakpenalty=\count408
\c@biburlbreakpenalty=\count409
\c@biburlnumpenalty=\count410
\c@biburlucpenalty=\count411
\c@biburllcpenalty=\count412
\biburlbigskip=\muskip17
\biburlnumskip=\muskip18
\biburlucskip=\muskip19
\biburllcskip=\muskip20
\c@smartand=\count413
)
Package biblatex Info: Trying to load bibliography style 'ieee'...
Package biblatex Info: ... file 'ieee.bbx' found.

(/usr/share/texlive/texmf-dist/tex/latex/biblatex-ieee/ieee.bbx
File: ieee.bbx 2021/12/06 v1.3f biblatex bibliography style
Package biblatex Info: Trying to load bibliography style 'numeric-comp'...
Package biblatex Info: ... file 'numeric-comp.bbx' found.

(/usr/share/texlive/texmf-dist/tex/latex/biblatex/bbx/numeric-comp.bbx
File: numeric-comp.bbx 2023/03/05 v3.19 biblatex bibliography style (PK/MW)
Package biblatex Info: Trying to load bibliography style 'numeric'...
Package biblatex Info: ... file 'numeric.bbx' found.

(/usr/share/texlive/texmf-dist/tex/latex/biblatex/bbx/numeric.bbx
File: numeric.bbx 2023/03/05 v3.19 biblatex bibliography style (PK/MW)
Package biblatex Info: Trying to load bibliography style 'standard'...
Package biblatex Info: ... file 'standard.bbx' found.

(/usr/share/texlive/texmf-dist/tex/latex/biblatex/bbx/standard.bbx
File: standard.bbx 2023/03/05 v3.19 biblatex bibliography style (PK/MW)
\c@bbx:relatedcount=\count414
\c@bbx:relatedtotal=\count415
))))
Package biblatex Info: Trying to load citation style 'ieee'...
Package biblatex Info: ... file 'ieee.cbx' found.

(/usr/share/texlive/texmf-dist/tex/latex/biblatex-ieee/ieee.cbx
File: ieee.cbx 2021/12/06 v1.3f biblatex citation style
Package biblatex Info: Trying to load citation style 'numeric-comp'...
Package biblatex Info: ... file 'numeric-comp.cbx' found.

(/usr/share/texlive/texmf-dist/tex/latex/biblatex/cbx/numeric-comp.cbx
File: numeric-comp.cbx 2023/03/05 v3.19 biblatex citation style (PK/MW)
\c@cbx@tempcnta=\count416
\c@cbx@tempcntb=\count417
\c@cbx@tempcntc=\count418
\c@cbx@tempcntd=\count419
Package biblatex Info: Redefining '\cite'.
Package biblatex Info: Redefining '\parencite'.
Package biblatex Info: Redefining '\footcite'.
Package biblatex Info: Redefining '\footcitetext'.
Package biblatex Info: Redefining '\smartcite'.
Package biblatex Info: Redefining '\supercite'.
Package biblatex Info: Redefining '\textcite'.
Package biblatex Info: Redefining '\textcites'.
Package biblatex Info: Redefining '\cites'.
Package biblatex Info: Redefining '\parencites'.
Package biblatex Info: Redefining '\smartcites'.
)
Package biblatex Info: Redefining '\cite'.
Package biblatex Info: Redefining '\supercite'.
Package biblatex Info: Redefining '\cites'.
)
Package biblatex Info: Trying to load configuration file...
Package biblatex Info: ... file 'biblatex.cfg' found.

(/usr/share/texlive/texmf-dist/tex/latex/biblatex/biblatex.cfg
File: biblatex.cfg 
)
Package biblatex Info: XeTeX detected.
(biblatex)             Assuming input encoding 'utf8'.
Package biblatex Info: Document encoding is UTF8 ....
Package biblatex Info: ... and expl3
(biblatex)             2024-01-22 L3 programming layer (loader) 
(biblatex)             is new enough (at least 2020/04/06),
(biblatex)             setting 'casechanger=expl3'.

(/usr/share/texlive/texmf-dist/tex/latex/biblatex/blx-case-expl3.sty
Package: blx-case-expl3 2023/03/05 v3.19 expl3 case changing code for biblatex
))
(/usr/share/texlive/texmf-dist/tex/latex/appendix/appendix.sty
Package: appendix 2020/02/08 v1.2c extra appendix facilities
\c@@pps=\count420
\c@@ppsavesec=\count421
\c@@ppsaveapp=\count422
)
(/usr/share/texlive/texmf-dist/tex/latex/acronym/acronym.sty
Package: acronym 2020/04/17 v1.47 Support for acronyms (Tobias Oetiker)

(/usr/share/texlive/texmf-dist/tex/latex/bigfoot/suffix.sty
Package: suffix 2006/07/15 1.5a Variant command support
)
(/usr/share/texlive/texmf-dist/tex/generic/xstring/xstring.sty
(/usr/share/texlive/texmf-dist/tex/generic/xstring/xstring.tex
\xs_counta=\count423
\xs_countb=\count424
)
Package: xstring 2023/08/22 v1.86 String manipulations (CT)
)
\AC@clearlist=\toks22
)
(/usr/share/texlive/texmf-dist/tex/latex/hyperref/hyperref.sty
Package: hyperref 2024-01-20 v7.01h Hypertext links for LaTeX

(/usr/share/texlive/texmf-dist/tex/generic/kvdefinekeys/kvdefinekeys.sty
Package: kvdefinekeys 2019-12-19 v1.6 Define keys (HO)
)
(/usr/share/texlive/texmf-dist/tex/generic/pdfescape/pdfescape.sty
Package: pdfescape 2019/12/09 v1.15 Implements pdfTeX's escape features (HO)
)
(/usr/share/texlive/texmf-dist/tex/latex/hycolor/hycolor.sty
Package: hycolor 2020-01-27 v1.10 Color options for hyperref/bookmark (HO)
)
(/usr/share/texlive/texmf-dist/tex/latex/auxhook/auxhook.sty
Package: auxhook 2019-12-17 v1.6 Hooks for auxiliary files (HO)
)
(/usr/share/texlive/texmf-dist/tex/latex/hyperref/nameref.sty
Package: nameref 2023-11-26 v2.56 Cross-referencing by name of section

(/usr/share/texlive/texmf-dist/tex/latex/refcount/refcount.sty
Package: refcount 2019/12/15 v3.6 Data extraction from label references (HO)
)
(/usr/share/texlive/texmf-dist/tex/generic/gettitlestring/gettitlestring.sty
Package: gettitlestring 2019/12/15 v1.6 Cleanup title references (HO)
)
\c@section@level=\count425
)
\@linkdim=\dimen152
\Hy@linkcounter=\count426
\Hy@pagecounter=\count427

(/usr/share/texlive/texmf-dist/tex/latex/hyperref/pd1enc.def
File: pd1enc.def 2024-01-20 v7.01h Hyperref: PDFDocEncoding definition (HO)
)
(/usr/share/texlive/texmf-dist/tex/generic/intcalc/intcalc.sty
Package: intcalc 2019/12/15 v1.3 Expandable calculations with integers (HO)
)
\Hy@SavedSpaceFactor=\count428

(/usr/share/texlive/texmf-dist/tex/latex/hyperref/puenc.def
File: puenc.def 2024-01-20 v7.01h Hyperref: PDF Unicode definition (HO)
)
Package hyperref Info: Hyper figures OFF on input line 4179.
Package hyperref Info: Link nesting OFF on input line 4184.
Package hyperref Info: Hyper index ON on input line 4187.
Package hyperref Info: Plain pages OFF on input line 4194.
Package hyperref Info: Backreferencing OFF on input line 4199.
Package hyperref Info: Implicit mode ON; LaTeX internals redefined.
Package hyperref Info: Bookmarks ON on input line 4446.
\c@Hy@tempcnt=\count429
LaTeX Info: Redefining \url on input line 4784.
\XeTeXLinkMargin=\dimen153

(/usr/share/texlive/texmf-dist/tex/generic/bitset/bitset.sty
Package: bitset 2019/12/09 v1.3 Handle bit-vector datatype (HO)

(/usr/share/texlive/texmf-dist/tex/generic/bigintcalc/bigintcalc.sty
Package: bigintcalc 2019/12/15 v1.5 Expandable calculations on big integers (HO
)
))
\Fld@menulength=\count430
\Field@Width=\dimen154
\Fld@charsize=\dimen155
Package hyperref Info: Hyper figures OFF on input line 6063.
Package hyperref Info: Link nesting OFF on input line 6068.
Package hyperref Info: Hyper index ON on input line 6071.
Package hyperref Info: backreferencing OFF on input line 6078.
Package hyperref Info: Link coloring OFF on input line 6083.
Package hyperref Info: Link coloring with OCG OFF on input line 6088.
Package hyperref Info: PDF/A mode OFF on input line 6093.

(/usr/share/texlive/texmf-dist/tex/latex/base/atbegshi-ltx.sty
Package: atbegshi-ltx 2021/01/10 v1.0c Emulation of the original atbegshi
package with kernel methods
)
\Hy@abspage=\count431
\c@Item=\count432
\c@Hfootnote=\count433
)
Package hyperref Info: Driver (autodetected): hxetex.

(/usr/share/texlive/texmf-dist/tex/latex/hyperref/hxetex.def
File: hxetex.def 2024-01-20 v7.01h Hyperref driver for XeTeX

(/usr/share/texlive/texmf-dist/tex/generic/stringenc/stringenc.sty
Package: stringenc 2019/11/29 v1.12 Convert strings between diff. encodings (HO
)
)
\pdfm@box=\box52
\c@Hy@AnnotLevel=\count434
\HyField@AnnotCount=\count435
\Fld@listcount=\count436
\c@bookmark@seq@number=\count437

(/usr/share/texlive/texmf-dist/tex/latex/rerunfilecheck/rerunfilecheck.sty
Package: rerunfilecheck 2022-07-10 v1.10 Rerun checks for auxiliary files (HO)

(/usr/share/texlive/texmf-dist/tex/latex/base/atveryend-ltx.sty
Package: atveryend-ltx 2020/08/19 v1.0a Emulation of the original atveryend pac
kage
with kernel methods
)
(/usr/share/texlive/texmf-dist/tex/generic/uniquecounter/uniquecounter.sty
Package: uniquecounter 2019/12/15 v1.4 Provide unlimited unique counter (HO)
)
Package uniquecounter Info: New unique counter `rerunfilecheck' on input line 2
85.
)
\Hy@SectionHShift=\skip72
)
(./minted.sty
Package: minted 2022/12/12 v2.7 Yet another Pygments shim for LaTeX
 (/usr/share/texlive/texmf-dist/tex/latex/fvextra/fvextra.sty
Package: fvextra 2023/11/28 v1.6.1 fvextra - extensions and patches for fancyvr
b

(/usr/share/texlive/texmf-dist/tex/latex/fancyvrb/fancyvrb.sty
Package: fancyvrb 2024/01/20 4.5c verbatim text (tvz,hv)
\FV@CodeLineNo=\count438
\FV@InFile=\read3
\FV@TabBox=\box53
\c@FancyVerbLine=\count439
\FV@StepNumber=\count440
\FV@OutFile=\write4
)
(/usr/share/texlive/texmf-dist/tex/latex/upquote/upquote.sty
Package: upquote 2012/04/19 v1.3 upright-quote and grave-accent glyphs in verba
tim

(/usr/share/texlive/texmf-dist/tex/latex/base/textcomp.sty
Package: textcomp 2020/02/02 v2.0n Standard LaTeX package
))
(/usr/share/texlive/texmf-dist/tex/latex/lineno/lineno.sty
Package: lineno 2023/05/20 line numbers on paragraphs v5.3
Invalid UTF-8 byte or sequence at line 292 replaced by U+FFFD.
\linenopenalty=\count441
\output=\toks23
\linenoprevgraf=\count442
\linenumbersep=\dimen156
\linenumberwidth=\dimen157
\c@linenumber=\count443
\c@pagewiselinenumber=\count444
\c@LN@truepage=\count445
\c@internallinenumber=\count446
\c@internallinenumbers=\count447
\quotelinenumbersep=\dimen158
\bframerule=\dimen159
\bframesep=\dimen160
\bframebox=\box54


LaTeX Warning: Command \@parboxrestore  has changed.
               Check if current package is valid.

LaTeX Info: Redefining \\ on input line 3180.
)

Package fvextra Warning: csquotes should be loaded after fvextra, to avoid a wa
rning from the lineno package on input line 36.

\c@FancyVerbWriteLine=\count448
\c@FancyVerbBufferIndex=\count449
\c@FancyVerbBufferLength=\count450
\c@FancyVerbBufferLine=\count451
\c@FV@oldbufferlength=\count452
\c@FV@TrueTabGroupLevel=\count453
\c@FV@TrueTabCounter=\count454
\FV@TabBox@Group=\box55
\FV@TmpLength=\skip73
\c@FV@HighlightLinesStart=\count455
\c@FV@HighlightLinesStop=\count456
\FV@LoopCount=\count457
\FV@NCharsBox=\box56
\FV@BreakIndent=\dimen161
\FV@BreakIndentNChars=\count458
\FV@BreakSymbolSepLeft=\dimen162
\FV@BreakSymbolSepLeftNChars=\count459
\FV@BreakSymbolSepRight=\dimen163
\FV@BreakSymbolSepRightNChars=\count460
\FV@BreakSymbolIndentLeft=\dimen164
\FV@BreakSymbolIndentLeftNChars=\count461
\FV@BreakSymbolIndentRight=\dimen165
\FV@BreakSymbolIndentRightNChars=\count462
\c@FancyVerbLineBreakLast=\count463
\FV@LineBox=\box57
\FV@LineIndentBox=\box58
\c@FV@BreakBufferDepth=\count464
\FV@LineWidth=\dimen166
) (/usr/share/texlive/texmf-dist/tex/latex/tools/calc.sty
Package: calc 2023/07/08 v4.3 Infix arithmetic (KKT,FJ)
\calc@Acount=\count465
\calc@Bcount=\count466
\calc@Adimen=\dimen167
\calc@Bdimen=\dimen168
\calc@Askip=\skip74
\calc@Bskip=\skip75
LaTeX Info: Redefining \setlength on input line 80.
LaTeX Info: Redefining \addtolength on input line 81.
\calc@Ccount=\count467
\calc@Cskip=\skip76
)
(/usr/share/texlive/texmf-dist/tex/latex/tools/shellesc.sty
Package: shellesc 2023/07/08 v1.0d unified shell escape interface for LaTeX
Package shellesc Info: Unrestricted shell escape enabled on input line 75.
)
(/usr/share/texlive/texmf-dist/tex/latex/ifplatform/ifplatform.sty
Package: ifplatform 2017/10/13 v0.4a Testing for the operating system

(/usr/share/texlive/texmf-dist/tex/generic/catchfile/catchfile.sty
Package: catchfile 2019/12/09 v1.8 Catch the contents of a file (HO)

(/usr/share/texlive/texmf-dist/tex/generic/etexcmds/etexcmds.sty
Package: etexcmds 2019/12/15 v1.7 Avoid name clashes with e-TeX commands (HO)
))
(/usr/share/texlive/texmf-dist/tex/generic/iftex/ifluatex.sty
Package: ifluatex 2019/10/25 v1.5 ifluatex legacy package. Use iftex instead.
)
runsystem(uname -s > "main.w18")...executed.

 (./main.w18)
runsystem(rm -- "main.w18")...executed.

)
(/usr/share/texlive/texmf-dist/tex/latex/framed/framed.sty
Package: framed 2011/10/22 v 0.96: framed or shaded text with page breaks
\OuterFrameSep=\skip77
\fb@frw=\dimen169
\fb@frh=\dimen170
\FrameRule=\dimen171
\FrameSep=\dimen172
)
(/usr/share/texlive/texmf-dist/tex/latex/float/float.sty
Package: float 2001/11/08 v1.3d Float enhancements (AL)
\c@float@type=\count468
\float@exts=\toks24
\float@box=\box59
\@float@everytoks=\toks25
\@floatcapt=\box60
)
\minted@appexistsfile=\read4
\minted@bgbox=\box61
\minted@code=\write5
\c@minted@FancyVerbLineTemp=\count469
\c@minted@pygmentizecounter=\count470
\@float@every@listing=\toks26
\c@listing=\count471
)
runsystem(mkdir -p _minted-main)...executed.


(/usr/share/texlive/texmf-dist/tex/latex/titlesec/titlesec.sty
Package: titlesec 2023/10/27 v2.16 Sectioning titles
\ttl@box=\box62
\beforetitleunit=\skip78
\aftertitleunit=\skip79
\ttl@plus=\dimen173
\ttl@minus=\dimen174
\ttl@toksa=\toks27
\titlewidth=\dimen175
\titlewidthlast=\dimen176
\titlewidthfirst=\dimen177
)
\pagecountf=\write6

(/usr/share/texlive/texmf-dist/tex/latex/enumitem/enumitem.sty
Package: enumitem 2019/06/20 v3.9 Customized lists
\labelindent=\skip80
\enit@outerparindent=\dimen178
\enit@toks=\toks28
\enit@inbox=\box63
\enit@count@id=\count472
\enitdp@description=\count473
)
(/usr/share/texlive/texmf-dist/tex/latex/amsmath/amsmath.sty
Package: amsmath 2023/05/13 v2.17o AMS math features
\@mathmargin=\skip81

For additional information on amsmath, use the `?' option.
(/usr/share/texlive/texmf-dist/tex/latex/amsmath/amstext.sty
Package: amstext 2021/08/26 v2.01 AMS text

(/usr/share/texlive/texmf-dist/tex/latex/amsmath/amsgen.sty
File: amsgen.sty 1999/11/30 v2.0 generic functions
\@emptytoks=\toks29
\ex@=\dimen179
))
(/usr/share/texlive/texmf-dist/tex/latex/amsmath/amsbsy.sty
Package: amsbsy 1999/11/29 v1.2d Bold Symbols
\pmbraise@=\dimen180
)
(/usr/share/texlive/texmf-dist/tex/latex/amsmath/amsopn.sty
Package: amsopn 2022/04/08 v2.04 operator names
)
\inf@bad=\count474
LaTeX Info: Redefining \frac on input line 234.
\uproot@=\count475
\leftroot@=\count476
LaTeX Info: Redefining \overline on input line 399.
LaTeX Info: Redefining \colon on input line 410.
\classnum@=\count477
\DOTSCASE@=\count478
LaTeX Info: Redefining \ldots on input line 496.
LaTeX Info: Redefining \dots on input line 499.
LaTeX Info: Redefining \cdots on input line 620.
\Mathstrutbox@=\box64
\strutbox@=\box65
LaTeX Info: Redefining \big on input line 722.
LaTeX Info: Redefining \Big on input line 723.
LaTeX Info: Redefining \bigg on input line 724.
LaTeX Info: Redefining \Bigg on input line 725.
\big@size=\dimen181
LaTeX Font Info:    Redeclaring font encoding OML on input line 743.
LaTeX Font Info:    Redeclaring font encoding OMS on input line 744.
\macc@depth=\count479
LaTeX Info: Redefining \bmod on input line 905.
LaTeX Info: Redefining \pmod on input line 910.
LaTeX Info: Redefining \smash on input line 940.
LaTeX Info: Redefining \relbar on input line 970.
LaTeX Info: Redefining \Relbar on input line 971.
\c@MaxMatrixCols=\count480
\dotsspace@=\muskip21
\c@parentequation=\count481
\dspbrk@lvl=\count482
\tag@help=\toks30
\row@=\count483
\column@=\count484
\maxfields@=\count485
\andhelp@=\toks31
\eqnshift@=\dimen182
\alignsep@=\dimen183
\tagshift@=\dimen184
\tagwidth@=\dimen185
\totwidth@=\dimen186
\lineht@=\dimen187
\@envbody=\toks32
\multlinegap=\skip82
\multlinetaggap=\skip83
\mathdisplay@stack=\toks33
LaTeX Info: Redefining \[ on input line 2953.
LaTeX Info: Redefining \] on input line 2954.
)
\linenoamsmath@ams@eqpen=\count486

(/usr/share/texlive/texmf-dist/tex/latex/caption/caption.sty
Package: caption 2023/08/05 v3.6o Customizing captions (AR)

(/usr/share/texlive/texmf-dist/tex/latex/caption/caption3.sty
Package: caption3 2023/07/31 v2.4d caption3 kernel (AR)
\caption@tempdima=\dimen188
\captionmargin=\dimen189
\caption@leftmargin=\dimen190
\caption@rightmargin=\dimen191
\caption@width=\dimen192
\caption@indent=\dimen193
\caption@parindent=\dimen194
\caption@hangindent=\dimen195
Package caption Info: Standard document class detected.
)
\c@caption@flags=\count487
\c@continuedfloat=\count488
Package caption Info: float package is loaded.
Package caption Info: hyperref package is loaded.
)
(/usr/share/texlive/texmf-dist/tex/latex/graphics/graphicx.sty
Package: graphicx 2021/09/16 v1.2d Enhanced LaTeX Graphics (DPC,SPQR)

(/usr/share/texlive/texmf-dist/tex/latex/graphics/graphics.sty
Package: graphics 2022/03/10 v1.4e Standard LaTeX Graphics (DPC,SPQR)

(/usr/share/texlive/texmf-dist/tex/latex/graphics/trig.sty
Package: trig 2021/08/11 v1.11 sin cos tan (DPC)
)
(/usr/share/texlive/texmf-dist/tex/latex/graphics-cfg/graphics.cfg
File: graphics.cfg 2016/06/04 v1.11 sample graphics configuration
)
Package graphics Info: Driver file: xetex.def on input line 107.

(/usr/share/texlive/texmf-dist/tex/latex/graphics-def/xetex.def
File: xetex.def 2022/09/22 v5.0n Graphics/color driver for xetex
))
\Gin@req@height=\dimen196
\Gin@req@width=\dimen197
)
\imgwidth=\skip84

(/usr/share/texlive/texmf-dist/tex/latex/mfirstuc/mfirstuc.sty
Package: mfirstuc 2022/10/14 v2.08 (NLCT)
\@glsmfirst=\toks34
\@glsmrest=\toks35
)
(/usr/share/texlive/texmf-dist/tex/latex/datetime2/datetime2.sty
Package: datetime2 2021/03/21 v1.5.7 (NLCT) date and time formats

(/usr/share/texlive/texmf-dist/tex/latex/tracklang/tracklang.sty
Package: tracklang 2022/12/13 v1.6.1 (NLCT) Track Languages

(/usr/share/texlive/texmf-dist/tex/generic/tracklang/tracklang.tex))
(/usr/share/texlive/texmf-dist/tex/latex/datetime2-romanian/datetime2-romanian.
ldf
File: datetime2-romanian.ldf 2020/09/21 v1.02
 (/usr/share/texlive/texmf-dist/tex/generic/iftex/ifxetex.sty
Package: ifxetex 2019/10/25 v0.7 ifxetex legacy package. Use iftex instead.
)
(/usr/share/texlive/texmf-dist/tex/latex/datetime2-romanian/datetime2-romanian-
utf8.ldf
File: datetime2-romanian-utf8.ldf 2020/09/21 v1.02
))
(/usr/share/texlive/texmf-dist/tex/latex/datetime2-russian/datetime2-russian.ld
f
File: datetime2-russian.ldf 2018/12/07 v1.1

(/usr/share/texlive/texmf-dist/tex/latex/datetime2-russian/datetime2-russian-ut
f8.ldf
File: datetime2-russian-utf8.ldf 2018/12/07 v1.1
))))
Package csquotes Info: Checking for multilingual support...
Package csquotes Info: ... found 'polyglossia' package.
Package csquotes Info: Adjusting default style.
Package csquotes Info: Redefining alias 'default' -> 'russian'.
 (/usr/share/texlive/texmf-dist/tex/latex/xcolor/xcolor.sty
Package: xcolor 2023/11/15 v3.01 LaTeX color extensions (UK)

(/usr/share/texlive/texmf-dist/tex/latex/graphics-cfg/color.cfg
File: color.cfg 2016/01/02 v1.6 sample color configuration
)
Package xcolor Info: Driver file: xetex.def on input line 274.

(/usr/share/texlive/texmf-dist/tex/latex/graphics/mathcolor.ltx)
Package xcolor Info: Model `cmy' substituted by `cmy0' on input line 1350.
Package xcolor Info: Model `RGB' extended on input line 1366.
Package xcolor Info: Model `HTML' substituted by `rgb' on input line 1368.
Package xcolor Info: Model `Hsb' substituted by `hsb' on input line 1369.
Package xcolor Info: Model `tHsb' substituted by `hsb' on input line 1370.
Package xcolor Info: Model `HSB' substituted by `hsb' on input line 1371.
Package xcolor Info: Model `Gray' substituted by `gray' on input line 1372.
Package xcolor Info: Model `wave' substituted by `hsb' on input line 1373.
)
runsystem(which pygmentize && touch main.aex)...executed.

runsystem(rm main.aex)...executed.

 (./main.aux)
\openout1 = `main.aux'.

LaTeX Font Info:    Checking defaults for OML/cmm/m/it on input line 26.
LaTeX Font Info:    ... okay on input line 26.
LaTeX Font Info:    Checking defaults for OMS/cmsy/m/n on input line 26.
LaTeX Font Info:    ... okay on input line 26.
LaTeX Font Info:    Checking defaults for OT1/cmr/m/n on input line 26.
LaTeX Font Info:    ... okay on input line 26.
LaTeX Font Info:    Checking defaults for T1/cmr/m/n on input line 26.
LaTeX Font Info:    ... okay on input line 26.
LaTeX Font Info:    Checking defaults for TS1/cmr/m/n on input line 26.
LaTeX Font Info:    Trying to load font information for TS1+cmr on input line 2
6.

(/usr/share/texlive/texmf-dist/tex/latex/base/ts1cmr.fd
File: ts1cmr.fd 2023/04/13 v2.5m Standard LaTeX font definitions
)
LaTeX Font Info:    ... okay on input line 26.
LaTeX Font Info:    Checking defaults for TU/lmr/m/n on input line 26.
LaTeX Font Info:    ... okay on input line 26.
LaTeX Font Info:    Checking defaults for OMX/cmex/m/n on input line 26.
LaTeX Font Info:    ... okay on input line 26.
LaTeX Font Info:    Checking defaults for U/cmr/m/n on input line 26.
LaTeX Font Info:    ... okay on input line 26.
LaTeX Font Info:    Checking defaults for PD1/pdf/m/n on input line 26.
LaTeX Font Info:    ... okay on input line 26.
LaTeX Font Info:    Checking defaults for PU/pdf/m/n on input line 26.
LaTeX Font Info:    ... okay on input line 26.

*geometry* driver: auto-detecting
*geometry* detected driver: xetex
*geometry* verbose mode - [ preamble ] result:
* driver: xetex
* paper: a4paper
* layout: <same size as paper>
* layoutoffset:(h,v)=(0.0pt,0.0pt)
* modes: 
* h-part:(L,W,R)=(71.13188pt, 483.69687pt, 42.67912pt)
* v-part:(T,H,B)=(56.9055pt, 731.23584pt, 56.9055pt)
* \paperwidth=597.50787pt
* \paperheight=845.04684pt
* \textwidth=483.69687pt
* \textheight=731.23584pt
* \oddsidemargin=-1.1381pt
* \evensidemargin=-1.1381pt
* \topmargin=-52.36449pt
* \headheight=12.0pt
* \headsep=25.0pt
* \topskip=12.0pt
* \footskip=30.0pt
* \marginparwidth=35.0pt
* \marginparsep=10.0pt
* \columnsep=10.0pt
* \skip\footins=10.8pt plus 4.0pt minus 2.0pt
* \hoffset=0.0pt
* \voffset=0.0pt
* \mag=1000
* \@twocolumnfalse
* \@twosidefalse
* \@mparswitchfalse
* \@reversemarginfalse
* (1in=72.27pt=25.4mm, 1cm=28.453pt)


Package fontspec Info: Adjusting the maths setup (use [no-math] to avoid
(fontspec)             this).

\symlegacymaths=\mathgroup4
LaTeX Font Info:    Overwriting symbol font `legacymaths' in version `bold'
(Font)                  OT1/cmr/m/n --> OT1/cmr/bx/n on input line 26.
LaTeX Font Info:    Redeclaring math accent \acute on input line 26.
LaTeX Font Info:    Redeclaring math accent \grave on input line 26.
LaTeX Font Info:    Redeclaring math accent \ddot on input line 26.
LaTeX Font Info:    Redeclaring math accent \tilde on input line 26.
LaTeX Font Info:    Redeclaring math accent \bar on input line 26.
LaTeX Font Info:    Redeclaring math accent \breve on input line 26.
LaTeX Font Info:    Redeclaring math accent \check on input line 26.
LaTeX Font Info:    Redeclaring math accent \hat on input line 26.
LaTeX Font Info:    Redeclaring math accent \dot on input line 26.
LaTeX Font Info:    Redeclaring math accent \mathring on input line 26.
LaTeX Font Info:    Redeclaring math symbol \Gamma on input line 26.
LaTeX Font Info:    Redeclaring math symbol \Delta on input line 26.
LaTeX Font Info:    Redeclaring math symbol \Theta on input line 26.
LaTeX Font Info:    Redeclaring math symbol \Lambda on input line 26.
LaTeX Font Info:    Redeclaring math symbol \Xi on input line 26.
LaTeX Font Info:    Redeclaring math symbol \Pi on input line 26.
LaTeX Font Info:    Redeclaring math symbol \Sigma on input line 26.
LaTeX Font Info:    Redeclaring math symbol \Upsilon on input line 26.
LaTeX Font Info:    Redeclaring math symbol \Phi on input line 26.
LaTeX Font Info:    Redeclaring math symbol \Psi on input line 26.
LaTeX Font Info:    Redeclaring math symbol \Omega on input line 26.
LaTeX Font Info:    Redeclaring math symbol \mathdollar on input line 26.
LaTeX Font Info:    Redeclaring symbol font `operators' on input line 26.
LaTeX Font Info:    Encoding `OT1' has changed to `TU' for symbol font
(Font)              `operators' in the math version `normal' on input line 26.
LaTeX Font Info:    Overwriting symbol font `operators' in version `normal'
(Font)                  OT1/cmr/m/n --> TU/TimesNewRoman(0)/m/n on input line 2
6.
LaTeX Font Info:    Encoding `OT1' has changed to `TU' for symbol font
(Font)              `operators' in the math version `bold' on input line 26.
LaTeX Font Info:    Overwriting symbol font `operators' in version `bold'
(Font)                  OT1/cmr/bx/n --> TU/TimesNewRoman(0)/m/n on input line 
26.
LaTeX Font Info:    Overwriting symbol font `operators' in version `normal'
(Font)                  TU/TimesNewRoman(0)/m/n --> TU/TimesNewRoman(0)/m/n on 
input line 26.
LaTeX Font Info:    Overwriting math alphabet `\mathit' in version `normal'
(Font)                  OT1/cmr/m/it --> TU/TimesNewRoman(0)/m/it on input line
 26.
LaTeX Font Info:    Overwriting math alphabet `\mathbf' in version `normal'
(Font)                  OT1/cmr/bx/n --> TU/TimesNewRoman(0)/b/n on input line 
26.
LaTeX Font Info:    Overwriting math alphabet `\mathsf' in version `normal'
(Font)                  OT1/cmss/m/n --> TU/lmss/m/n on input line 26.
LaTeX Font Info:    Overwriting math alphabet `\mathtt' in version `normal'
(Font)                  OT1/cmtt/m/n --> TU/LiberationMono(0)/m/n on input line
 26.
LaTeX Font Info:    Overwriting symbol font `operators' in version `bold'
(Font)                  TU/TimesNewRoman(0)/m/n --> TU/TimesNewRoman(0)/b/n on 
input line 26.
LaTeX Font Info:    Overwriting math alphabet `\mathit' in version `bold'
(Font)                  OT1/cmr/bx/it --> TU/TimesNewRoman(0)/b/it on input lin
e 26.
LaTeX Font Info:    Overwriting math alphabet `\mathsf' in version `bold'
(Font)                  OT1/cmss/bx/n --> TU/lmss/b/n on input line 26.
LaTeX Font Info:    Overwriting math alphabet `\mathtt' in version `bold'
(Font)                  OT1/cmtt/m/n --> TU/LiberationMono(0)/b/n on input line
 26.
(./main.pagecount)
\openout6 = `main.pagecount'.

Package biblatex Info: Trying to load language 'romanian'...
Package biblatex Info: ... file 'romanian.lbx' found.

(/usr/share/texlive/texmf-dist/tex/latex/biblatex/lbx/romanian.lbx
File: romanian.lbx 2023/03/05 v3.19 biblatex localization (PK/MW)
)
Package biblatex Info: Trying to load language 'russian'...
Package biblatex Info: ... file 'russian.lbx' found.

(/usr/share/texlive/texmf-dist/tex/latex/biblatex/lbx/russian.lbx
File: russian.lbx 2023/03/05 v3.19 biblatex localization (PK/MW)
)
Package biblatex Info: XeTeX detected.
(biblatex)             Assuming input encoding 'utf8'.
Package biblatex Info: Data encoding 'UTF8' specified.
(biblatex)             Backend will reencode on the fly.
\openout3 = `main.bcf'.

Package biblatex Info: Trying to load bibliographic data...
Package biblatex Info: ... file 'main.bbl' found.
 (./main.bbl)
Package biblatex Info: Reference section=0 on input line 26.
Package biblatex Info: Reference segment=0 on input line 26.
Package hyperref Info: Link coloring OFF on input line 26.
(./main.out) (./main.out)
\@outlinefile=\write7
\openout7 = `main.out'.

Package caption Info: Begin \AtBeginDocument code.
Package caption Info: End \AtBeginDocument code.
 (./parts/foaie_de_titlu_ro.tex)
(./parts/foaie_de_titlu_ru.tex
Overfull \hbox (21.77359pt too wide) in paragraph at lines 40--49
[]  
 []

[1

]) (./main.toc [1


])
\tf@toc=\write8
\openout8 = `main.toc'.

 [2]

Package hyperref Warning: Token not allowed in a PDF string (Unicode):
(hyperref)                removing `\introLabelUpper' on input line 37.


Overfull \hbox (41.09088pt too wide) in paragraph at lines 42--46
[]\TU/TimesNewRoman(1)/m/n/12 В современной документации, особенно при разработ
ке программного обеспечения, инструменты
 []


Overfull \hbox (13.74365pt too wide) in paragraph at lines 42--46
\TU/TimesNewRoman(1)/m/n/12 уравнения, матрицы или интегралы, автоматической ну
мерацией разделов, таблиц и иллюстраций,
 []


Overfull \hbox (12.19972pt too wide) in paragraph at lines 42--46
\TU/TimesNewRoman(1)/m/n/12 а также сквозными ссылками на них и оглавлением. Он
 позволяет сосредоточиться на содержании,
 []


Overfull \hbox (13.94281pt too wide) in paragraph at lines 42--46
\TU/TimesNewRoman(1)/m/n/12 ветвлениям (branch) можно параллельно развивать раз
ные части проекта — например, стабильную
 []


Overfull \hbox (4.61378pt too wide) in paragraph at lines 42--46
\TU/TimesNewRoman(1)/m/n/12 и экспериментальную версии. Операции merge и rebase
 позволяют безопасно объединять правки,
 []


Overfull \hbox (2.63283pt too wide) in paragraph at lines 53--54
[]\TU/TimesNewRoman(1)/m/n/12 Целью данной работы является изучение возможносте
й системы вёрстки LaTex и освоение
 []

LaTeX Font Info:    Font shape `TU/LiberationMono(1)/m/n' will be
(Font)              scaled to size 10.15887pt on input line 60.

Overfull \hbox (4.15723pt too wide) in paragraph at lines 60--61
[]\TU/TimesNewRoman(1)/m/n/12 В рамках работы над проектом особое внимание было
 уделено изучению системы контроля
 []


Overfull \hbox (4.53032pt too wide) in paragraph at lines 62--63
[]\TU/TimesNewRoman(1)/m/n/12 Git позволяет эффективно управлять изменениями в 
проекте, отслеживать историю версий,
 []


Overfull \hbox (10.92177pt too wide) in paragraph at lines 64--65
[]\TU/TimesNewRoman(1)/m/n/12 Механизм ветвлений (\TU/LiberationMono(1)/m/n/12 
branch\TU/TimesNewRoman(1)/m/n/12 ) является одной из ключевых возможностей Git
. Он позволяет: 
 []


Overfull \hbox (5.11847pt too wide) in paragraph at lines 69--70
[]\TU/TimesNewRoman(1)/m/n/12 Объединять изменения из разных веток при помощи с
лияния (\TU/LiberationMono(1)/m/n/12 merge\TU/TimesNewRoman(1)/m/n/12 ) или реб
ейза (\TU/LiberationMono(1)/m/n/12 rebase\TU/TimesNewRoman(1)/m/n/12 ); 
 []

[3


]
Overfull \hbox (1.76079pt too wide) in paragraph at lines 96--97
[]\TU/TimesNewRoman(1)/m/n/12 Прохождение симулятора помогло закрепить знания о
 механике ветвлений в Git, научиться
 []


Overfull \hbox (4.26602pt too wide) in paragraph at lines 96--97
\TU/TimesNewRoman(1)/m/n/12 уверенно ориентироваться в древовидной структуре ко
ммитов и применять различные стратегии
 []


Overfull \hbox (55.46635pt too wide) in paragraph at lines 96--97
\TU/TimesNewRoman(1)/m/n/12 объединения изменений. Благодаря пошаговому обучени
ю, визуальной обратной связи и интерактивности,
 []

[4]
Глава I.

Overfull \hbox (3.78175pt too wide) in paragraph at lines 106--107
\TU/TimesNewRoman(1)/m/n/12 первую очередь на создание научных и технических до
кументов. Основное преимущество LaTex
 []


Overfull \hbox (24.23773pt too wide) in paragraph at lines 106--107
\TU/TimesNewRoman(1)/m/n/12 заключается в чётком разделении содержимого и оформ
ления, что позволяет автору сосредоточиться
 []


Overfull \hbox (19.51761pt too wide) in paragraph at lines 120--121
[]\TU/TimesNewRoman(1)/m/n/12 LaTeX использует разметку на основе текстовых ком
анд, что делает его похожим на написание
 []


Overfull \hbox (18.97601pt too wide) in paragraph at lines 120--121
\TU/TimesNewRoman(1)/m/n/12 README-файлов в Markdown — структура документа опис
ывается простым текстом, а финальный
 []


Overfull \hbox (0.74371pt too wide) in paragraph at lines 120--121
\TU/TimesNewRoman(1)/m/n/12 вид формируется автоматически. Однако, в отличие от
 Markdown, LaTeX обладает гораздо более
 []


Overfull \hbox (117.80637pt too wide) in paragraph at lines 158--158
[]\TU/LiberationMono(1)/m/n/12 \documentclass[опции]{класс}: Тип документа (rep
ort, article, book) и общие настройки (a4paper, 12pt).[] 
 []


Overfull \hbox (4.00848pt too wide) in paragraph at lines 158--158
[]\TU/LiberationMono(1)/m/n/12 Примеры: \usepackage[russian]{babel}, \usepackag
e{graphicx}, \usepackage{amsmath}[] 
 []

[5

]
Overfull \hbox (30.87737pt too wide) in paragraph at lines 172--173
[]\TU/TimesNewRoman(1)/b/n/12 WSL \TU/TimesNewRoman(1)/m/n/12 — технология от M
icrosoft, позволяющая запускать Linux-дистрибутивы непосредственно
 []

[6]
Overfull \hbox (12.45258pt too wide) in paragraph at lines 175--176
[]\TU/TimesNewRoman(1)/b/n/12 Visual Studio Code \TU/TimesNewRoman(1)/m/n/12 — 
основной текстовый редактор, использовавшийся для редактирования
 []


Overfull \hbox (24.32954pt too wide) in paragraph at lines 188--188
[]\TU/LiberationMono(1)/m/n/12 sudo apt install fonts-liberation xz-utils texli
ve-bibtex-extra biber texlive texlive-
 []


Overfull \hbox (219.41165pt too wide) in paragraph at lines 188--188
\TU/LiberationMono(1)/m/n/12 lang-cyrillic texlive-lang-european python3-pygmen
ts latexmk texlive-xetex # liberation font, font utils, latex, python[] 
 []


Overfull \hbox (32.58496pt too wide) in paragraph at lines 192--193
[]\TU/TimesNewRoman(1)/m/n/12 Использование WSL и Ubuntu позволило использовать
 мощные инструменты Linux в привычной
 []

[7]
Глава II.

Overfull \hbox (10.75883pt too wide) in paragraph at lines 213--214
[]\TU/TimesNewRoman(1)/m/n/12 На сайте представлены обучающие уровни, в которых
 необходимо выполнить определённые
 []


Overfull \hbox (16.21144pt too wide) in paragraph at lines 213--214
\TU/TimesNewRoman(1)/m/n/12 задачи с использованием командной строки Git. Уроки
 охватывают как базовые операции (создание
 []

File: images/step1.jpg Graphic file (type bmp)
<images/step1.jpg>
File: images/step2.jpg Graphic file (type bmp)
<images/step2.jpg>
[8

]
File: images/step3.jpg Graphic file (type bmp)
<images/step3.jpg>

Overfull \hbox (6.10063pt too wide) in paragraph at lines 268--269
[]\TU/TimesNewRoman(1)/m/n/12 Над этим уровнем надо было подумать, чтобы разобр
аться как работает слияние с помощью
 []

File: images/step4.jpg Graphic file (type bmp)
<images/step4.jpg>
[9]
Overfull \hbox (23.1554pt too wide) in paragraph at lines 285--287
[]\TU/TimesNewRoman(1)/m/n/12 В первую очередь, поговорим о ”HEAD”. HEAD - это 
символическое имя текущего выбранного
 []


Overfull \hbox (24.61479pt too wide) in paragraph at lines 285--287
\TU/TimesNewRoman(1)/m/n/12 указывает на последний коммит из вашего локального 
дерева. Большинство команд Git, изменяющих
 []

File: images/step5.jpg Graphic file (type bmp)
<images/step5.jpg>

Overfull \hbox (5.5346pt too wide) in paragraph at lines 299--302
\TU/TimesNewRoman(1)/m/n/12 нужны лишь первые несколько символов для того, чтоб
ы идентифицировать конкретный коммит.
 []

[10]
File: images/step6.jpg Graphic file (type bmp)
<images/step6.jpg>

Overfull \hbox (2.43079pt too wide) in paragraph at lines 319--320
[]\TU/TimesNewRoman(1)/m/n/12 Я использовал команды Git, чтобы изменить структу
ру веток и их положение. Я перемещал
 []

File: images/step7.jpg Graphic file (type bmp)
<images/step7.jpg>

Overfull \hbox (33.20511pt too wide) in paragraph at lines 331--332
[]\TU/TimesNewRoman(1)/m/n/12 Я выполнял команды Git, чтобы **изменить структур
у и положение веток в моём репозитории**.
 []


Overfull \hbox (2.40765pt too wide) in paragraph at lines 331--332
\TU/TimesNewRoman(1)/m/n/12 Мои действия включали **перемещение указателей вето
к на нужные коммиты, а также создание
 []

File: images/step8.jpg Graphic file (type bmp)
<images/step8.jpg>
[11]
Overfull \hbox (1.83597pt too wide) in paragraph at lines 343--344
[]\TU/TimesNewRoman(1)/m/n/12 Я использую команду git cherry-pick, чтобы выборо
чно применять изменения из указанных
 []

File: images/step9.jpg Graphic file (type bmp)
<images/step9.jpg>
[12]
Overfull \hbox (1.07953pt too wide) in paragraph at lines 370--372
\TU/TimesNewRoman(1)/m/n/12 откроет интерфейс просмотра того, какие коммиты гот
овы к копированию на цель rebase (target).
 []

File: images/step10_1.jpg Graphic file (type bmp)
<images/step10_1.jpg>
File: images/step10_2.jpg Graphic file (type bmp)
<images/step10_2.jpg>

Overfull \hbox (11.24565pt too wide) in paragraph at lines 387--390
\TU/TimesNewRoman(1)/m/n/12 простым fast-forward, то в main попадут также отлад
очные команды. Должен быть другой способ... 
 []

File: images/step11.jpg Graphic file (type bmp)
<images/step11.jpg>
[13]
File: images/step12.jpg Graphic file (type bmp)
<images/step12.jpg>

Overfull \hbox (21.09616pt too wide) in paragraph at lines 410--411
\TU/TimesNewRoman(1)/m/n/12 переместить ветку main на новую, модифицированную ц
епочку, добиваясь определённой структуры
 []

File: images/step13.jpg Graphic file (type bmp)
<images/step13.jpg>

Overfull \hbox (21.09616pt too wide) in paragraph at lines 423--424
\TU/TimesNewRoman(1)/m/n/12 переместить ветку main на новую, модифицированную ц
епочку, добиваясь определённой структуры
 []

[14]
Overfull \hbox (0.34769pt too wide) in paragraph at lines 426--427
[]\TU/TimesNewRoman(1)/m/n/12 В прошлых уроках мы усвоили, что ветки просто дви
гать туда-сюда и они часто ссылаются
 []


Overfull \hbox (8.31401pt too wide) in paragraph at lines 426--427
\TU/TimesNewRoman(1)/m/n/12 на разные коммиты как на изменения данных в ветке. 
Ветки просто изменить, они часто временны
 []


Overfull \hbox (15.41742pt too wide) in paragraph at lines 430--432
\TU/TimesNewRoman(1)/m/n/12 положения, так что можно с лёгкостью сделать checko
ut конкретного момента в истории изменений 
 []

File: images/step14.jpg Graphic file (type bmp)
<images/step14.jpg>

Overfull \hbox (36.69244pt too wide) in paragraph at lines 439--440
[]\TU/TimesNewRoman(1)/m/n/12 Я создаю две именованные метки, v1 и v0, которые 
указывают на коммиты c2 и c1 соответственно.
 []


Overfull \hbox (5.91118pt too wide) in paragraph at lines 442--443
[]\TU/TimesNewRoman(1)/m/n/12 Теги являются прекрасными ориентирами в истории и
зменений, поэтому в git есть команда,
 []


Overfull \hbox (5.01614pt too wide) in paragraph at lines 442--443
\TU/TimesNewRoman(1)/m/n/12 которая показывает, как далеко текущее состояние от
 ближайшего тега. И эта команда называется
 []


Overfull \hbox (25.51564pt too wide) in paragraph at lines 444--445
[]\TU/TimesNewRoman(1)/m/n/12 Git describe помогает сориентироваться после отка
та на много коммитов по истории изменений.
 []

File: images/step15.jpg Graphic file (type bmp)
<images/step15.jpg>
[15]
Overfull \hbox (13.88144pt too wide) in paragraph at lines 459--460
\TU/TimesNewRoman(1)/m/n/12 ближайшего тега или коммита для различных веток (v1
, main, bugFix, side). В конце я зафиксировал
 []


Overfull \hbox (10.34102pt too wide) in paragraph at lines 463--465
[]\TU/TimesNewRoman(1)/m/n/12 У нас тут куча веток! Было бы круто перенести все
 изменения из них в мастер. Но начальство
 []

File: images/step16.jpg Graphic file (type bmp)
<images/step16.jpg>

Overfull \hbox (3.13338pt too wide) in paragraph at lines 474--475
\TU/TimesNewRoman(1)/m/n/12 bugFix, side, another относительно друг друга и mai
n. Моя цель — перестроить сложную историю
 []


Overfull \hbox (23.08734pt too wide) in paragraph at lines 480--482
\TU/TimesNewRoman(1)/m/n/12 перейдёт на ”первого” родителя коммита, но указание
 номера после каретки изменяет это поведение. 
 []

File: images/step17.jpg Graphic file (type bmp)
<images/step17.jpg>
[16]
Overfull \hbox (23.5138pt too wide) in paragraph at lines 494--495
[]\TU/TimesNewRoman(1)/m/n/12 Ветка one нуждается в изменении порядка и удалени
и C5. two требует полного перемешивания,
 []

File: images/step18.jpg Graphic file (type bmp)
<images/step18.jpg>

Overfull \hbox (1.66351pt too wide) in paragraph at lines 501--502
\TU/TimesNewRoman(1)/m/n/12 цель — перестроить сложную структуру веток, создава
я новые коммиты и перемещая указатели,
 []

File: images/step19.jpg Graphic file (type bmp)
<images/step19.jpg>
[17]
Overfull \hbox (27.25499pt too wide) in paragraph at lines 515--516
[]\TU/TimesNewRoman(1)/m/n/12 Я выполнил команду git clone. Это действие создал
о локальную копию удалённого репозитория,
 []


Overfull \hbox (5.30281pt too wide) in paragraph at lines 519--520
[]\TU/TimesNewRoman(1)/m/n/12 Теперь, когда мы уже увидели git clone в действии
, давайте углубимся в детали и посмотрим
 []


Overfull \hbox (7.78851pt too wide) in paragraph at lines 521--523
\TU/TimesNewRoman(1)/m/n/12 между нашими локальными наработками и тем, что было
 сделано другими участниками - важный
 []


Overfull \hbox (15.51418pt too wide) in paragraph at lines 528--531
\TU/TimesNewRoman(1)/m/n/12 o - это имя удалённого репозитория. Большинство раз
работчиков именуют свои главные удалённые
 []


Overfull \hbox (32.86674pt too wide) in paragraph at lines 528--531
\TU/TimesNewRoman(1)/m/n/12 репозитории не как o, а как origin. Также общеприня
тым является именование удалённого репозитория
 []

File: images/step20.jpg Graphic file (type bmp)
<images/step20.jpg>
[18]
Overfull \hbox (30.06056pt too wide) in paragraph at lines 542--543
[]\TU/TimesNewRoman(1)/m/n/12 Работа с удалёнными git репозиториями сводится к 
передаче данных в и из других репозиториев.
 []


Overfull \hbox (18.89404pt too wide) in paragraph at lines 542--543
\TU/TimesNewRoman(1)/m/n/12 изменениями, которые отслеживает git следовательно,
 делиться новыми файлами, свежими идеями,
 []


Overfull \hbox (8.44292pt too wide) in paragraph at lines 548--551
\TU/TimesNewRoman(1)/m/n/12 которых у вас ещё нет, при этом... у вас должны поя
виться ссылки на все ветки из этого удалённого
 []


Overfull \hbox (14.71802pt too wide) in paragraph at lines 548--551
\TU/TimesNewRoman(1)/m/n/12 репозитория (например, o/main) Фактически, \TU/Libe
rationMono(1)/m/n/12 git fetch \TU/TimesNewRoman(1)/m/n/12 синхронизирует локал
ьное представление
 []

File: images/step21.jpg Graphic file (type bmp)
<images/step21.jpg>
[19]
File: images/step22.jpg Graphic file (type bmp)
<images/step22.jpg>
File: images/step23.jpg Graphic file (type bmp)
<images/step23.jpg>

Overfull \hbox (7.37741pt too wide) in paragraph at lines 592--593
\TU/TimesNewRoman(1)/m/n/12 коммит с помощью git commit, а затем выполнил git p
ull, чтобы загрузить и объединить изменения
 []


Overfull \hbox (6.22954pt too wide) in paragraph at lines 596--598
[]\TU/TimesNewRoman(1)/m/n/12 Хорошо, мы скачали изменения с удалённого репозит
ория и включили их в наши локальные
 []


Overfull \hbox (5.57185pt too wide) in paragraph at lines 596--598
\TU/TimesNewRoman(1)/m/n/12 другими участниками проекта? Способ, которым мы вос
пользуемся, является противоположным
 []


Overfull \hbox (23.02165pt too wide) in paragraph at lines 599--601
[]\TU/TimesNewRoman(1)/m/n/12 Команда \TU/LiberationMono(1)/m/n/12 git push \TU
/TimesNewRoman(1)/m/n/12 отвечает за загрузку ваших изменений в указанный удалё
нный репозиторий,
 []

[20]
File: images/step24.jpg Graphic file (type bmp)
<images/step24.jpg>

Overfull \hbox (6.31938pt too wide) in paragraph at lines 612--613
[]\TU/TimesNewRoman(1)/m/n/12 Представим себе, что мы склонировали репозиторий 
в понедельник и начали разрабатывать
 []


Overfull \hbox (4.99193pt too wide) in paragraph at lines 614--615
\TU/TimesNewRoman(1)/m/n/12 себя команда \TU/LiberationMono(1)/m/n/12 git push\
TU/TimesNewRoman(1)/m/n/12 , если вы её выполните? Может быть, она изменит удал
ённый репозиторий
 []


Overfull \hbox (62.77837pt too wide) in paragraph at lines 616--617
[]\TU/TimesNewRoman(1)/m/n/12 По причине того, что в данной ситуации (когда ист
ория расходится) слишком много двусмысленностей
 []

File: images/step25.jpg Graphic file (type bmp)
<images/step25.jpg>
[21]
File: images/remote_rejected.jpg Graphic file (type bmp)
<images/remote_rejected.jpg>
File: images/step26.jpg Graphic file (type bmp)
<images/step26.jpg>

Overfull \hbox (25.38918pt too wide) in paragraph at lines 642--643
\TU/TimesNewRoman(1)/m/n/12 соответствующего удалённой ветке o/main. После этог
о я отправляю новую ветку feature в удалённый
 []

[22] [23]
Overfull \hbox (6.45453pt too wide) in paragraph at lines 646--648
\TU/TimesNewRoman(1)/m/n/12 LaTex сложен для освоения с нуля, особенно при мало
м опыта работы с подобным инструментом.
 []


Overfull \hbox (7.90765pt too wide) in paragraph at lines 646--648
\TU/TimesNewRoman(1)/m/n/12 Он является более гибким аналогом прочих форматов (
например markdown), позволяет настроить
 []


Overfull \hbox (13.83058pt too wide) in paragraph at lines 649--651
\TU/TimesNewRoman(1)/m/n/12 предыдущим версиям и разрешение конфликтов. Это дел
ает его незаменимым для распределенной
 []


Package caption Warning: Unused \captionsetup[table] on input line 319.
See the caption package documentation for explanation.

[24

] (./main.aux)
 ***********
LaTeX2e <2023-11-01> patch level 1
L3 programming layer <2024-01-22>
 ***********
Package rerunfilecheck Info: File `main.out' has not changed.
(rerunfilecheck)             Checksum: CEC6B66742D95D8A4F060E33DA278F0F;5533.
Package logreq Info: Writing requests to 'main.run.xml'.
\openout1 = `main.run.xml'.

 ) 
Here is how much of TeX's memory you used:
 30466 strings out of 476316
 632557 string characters out of 5791085
 1929627 words of memory out of 5000000
 51989 multiletter control sequences out of 15000+600000
 562087 words of font info for 80 fonts, out of 8000000 for 9000
 350 hyphenation exceptions out of 8191
 94i,18n,133p,1059b,3929s stack positions out of 10000i,1000n,20000p,200000b,200000s

Output written on main.xdv (25 pages, 368904 bytes).
