\BOOKMARK [0][-]{chapter*.2}{}{}% 1
\BOOKMARK [0][-]{chapter.1}{\376\377\000L\000a\000T\000e\000X\000:\000\040\004\101\004\070\004\101\004\102\004\065\004\074\004\060\000\040\004\062\004\121\004\100\004\101\004\102\004\072\004\070\000\040\004\064\004\076\004\072\004\103\004\074\004\065\004\075\004\102\004\076\004\062}{}% 2
\BOOKMARK [1][-]{section.1.1}{\376\377\004\022\004\062\004\065\004\064\004\065\004\075\004\070\004\065\000\040\004\062\000\040\000L\000a\000T\000e\000X}{chapter.1}% 3
\BOOKMARK [1][-]{section.1.2}{\376\377\004\036\004\101\004\075\004\076\004\062\004\075\004\113\004\065\000\040\004\062\004\076\004\067\004\074\004\076\004\066\004\075\004\076\004\101\004\102\004\070\000\040\000L\000a\000T\000e\000X}{chapter.1}% 4
\BOOKMARK [1][-]{section.1.3}{\376\377\004\041\004\070\004\075\004\102\004\060\004\072\004\101\004\070\004\101\000\040\000L\000a\000T\000e\000X}{chapter.1}% 5
\BOOKMARK [1][-]{section.1.4}{\376\377\004\037\004\100\004\060\004\072\004\102\004\070\004\107\004\065\004\101\004\072\004\076\004\065\000\040\004\070\004\101\004\077\004\076\004\073\004\114\004\067\004\076\004\062\004\060\004\075\004\070\004\065\000\040\000L\000a\000T\000e\000X\000\040\004\062\000\040\004\100\004\060\004\061\004\076\004\102\004\065\000\040\004\075\004\060\004\064\000\040\004\076\004\102\004\107\004\121\004\102\004\076\004\074}{chapter.1}% 6
\BOOKMARK [2][-]{subsection.1.4.1}{\376\377\004\041\004\100\004\065\004\064\004\060\000\040\004\100\004\060\004\067\004\100\004\060\004\061\004\076\004\102\004\072\004\070}{section.1.4}% 7
\BOOKMARK [2][-]{subsection.1.4.2}{\376\377\004\043\004\101\004\102\004\060\004\075\004\076\004\062\004\072\004\060\000\040\000L\000a\000T\000e\000X}{section.1.4}% 8
\BOOKMARK [2][-]{subsection.1.4.3}{\376\377\004\037\004\100\004\065\004\070\004\074\004\103\004\111\004\065\004\101\004\102\004\062\004\060\000\040\004\102\004\060\004\072\004\076\004\071\000\040\004\101\004\100\004\065\004\064\004\113}{section.1.4}% 9
\BOOKMARK [2][-]{subsection.1.4.4}{\376\377\004\027\004\060\004\072\004\073\004\116\004\107\004\065\004\075\004\070\004\065}{section.1.4}% 10
\BOOKMARK [0][-]{chapter.2}{\376\377\004\040\004\060\004\061\004\076\004\102\004\060\000\040\004\101\000\040\000G\000i\000t\000B\000r\000a\000n\000c\000h}{}% 11
\BOOKMARK [1][-]{section.2.1}{\376\377\004\036\000\040\004\077\004\073\004\060\004\102\004\104\004\076\004\100\004\074\004\065\000\040\000L\000e\000a\000r\000n\000G\000i\000t\000B\000r\000a\000n\000c\000h\000i\000n\000g}{chapter.2}% 12
\BOOKMARK [1][-]{section.2.2}{\376\377\004\045\004\076\004\064\000\040\004\100\004\060\004\061\004\076\004\102\004\113}{chapter.2}% 13
\BOOKMARK [2][-]{subsection.2.2.1}{\376\377\004\050\004\060\004\063\000\040\0001}{section.2.2}% 14
\BOOKMARK [2][-]{subsection.2.2.2}{\376\377\004\050\004\060\004\063\000\040\0002}{section.2.2}% 15
\BOOKMARK [2][-]{subsection.2.2.3}{\376\377\004\050\004\060\004\063\000\040\0003}{section.2.2}% 16
\BOOKMARK [2][-]{subsection.2.2.4}{\376\377\004\050\004\060\004\063\000\040\0004}{section.2.2}% 17
\BOOKMARK [2][-]{subsection.2.2.5}{\376\377\004\050\004\060\004\063\000\040\0005}{section.2.2}% 18
\BOOKMARK [2][-]{subsection.2.2.6}{\376\377\004\050\004\060\004\063\000\040\0006}{section.2.2}% 19
\BOOKMARK [2][-]{subsection.2.2.7}{\376\377\004\050\004\060\004\063\000\040\0007}{section.2.2}% 20
\BOOKMARK [2][-]{subsection.2.2.8}{\376\377\004\050\004\060\004\063\000\040\0008}{section.2.2}% 21
\BOOKMARK [2][-]{subsection.2.2.9}{\376\377\004\050\004\060\004\063\000\040\0009}{section.2.2}% 22
\BOOKMARK [2][-]{subsection.2.2.10}{\376\377\004\050\004\060\004\063\000\040\0001\0000}{section.2.2}% 23
\BOOKMARK [2][-]{subsection.2.2.11}{\376\377\004\050\004\060\004\063\000\040\0001\0001}{section.2.2}% 24
\BOOKMARK [2][-]{subsection.2.2.12}{\376\377\004\050\004\060\004\063\000\040\0001\0002}{section.2.2}% 25
\BOOKMARK [2][-]{subsection.2.2.13}{\376\377\004\050\004\060\004\063\000\040\0001\0003}{section.2.2}% 26
\BOOKMARK [2][-]{subsection.2.2.14}{\376\377\004\050\004\060\004\063\000\040\0001\0004}{section.2.2}% 27
\BOOKMARK [2][-]{subsection.2.2.15}{\376\377\004\050\004\060\004\063\000\040\0001\0005}{section.2.2}% 28
\BOOKMARK [2][-]{subsection.2.2.16}{\376\377\004\050\004\060\004\063\000\040\0001\0006}{section.2.2}% 29
\BOOKMARK [2][-]{subsection.2.2.17}{\376\377\004\050\004\060\004\063\000\040\0001\0007}{section.2.2}% 30
\BOOKMARK [2][-]{subsection.2.2.18}{\376\377\004\050\004\060\004\063\000\040\0001\0008}{section.2.2}% 31
\BOOKMARK [2][-]{subsection.2.2.19}{\376\377\004\050\004\060\004\063\000\040\0001\0009}{section.2.2}% 32
\BOOKMARK [2][-]{subsection.2.2.20}{\376\377\004\050\004\060\004\063\000\040\0002\0000}{section.2.2}% 33
\BOOKMARK [2][-]{subsection.2.2.21}{\376\377\004\050\004\060\004\063\000\040\0002\0001}{section.2.2}% 34
\BOOKMARK [2][-]{subsection.2.2.22}{\376\377\004\050\004\060\004\063\000\040\0002\0002}{section.2.2}% 35
\BOOKMARK [2][-]{subsection.2.2.23}{\376\377\004\050\004\060\004\063\000\040\0002\0003}{section.2.2}% 36
\BOOKMARK [2][-]{subsection.2.2.24}{\376\377\004\050\004\060\004\063\000\040\0002\0004}{section.2.2}% 37
\BOOKMARK [2][-]{subsection.2.2.25}{\376\377\004\050\004\060\004\063\000\040\0002\0005}{section.2.2}% 38
\BOOKMARK [2][-]{subsection.2.2.26}{\376\377\004\050\004\060\004\063\000\040\0002\0006}{section.2.2}% 39
\BOOKMARK [0][-]{chapter*.31}{\376\377\004\027\004\060\004\072\004\073\004\116\004\107\004\070\004\102\004\065\004\073\004\114\004\075\004\113\004\065\000\040\004\062\004\113\004\062\004\076\004\064\004\113}{}% 40
